<?xml version="1.0" encoding="UTF-8"?>
<testng-results ignored="0" total="8" passed="8" failed="0" skipped="0">
  <reporter-output>
  </reporter-output>
  <suite started-at="2023-06-13T20:33:11 CST" name="Suite" finished-at="2023-06-13T20:34:21 CST" duration-ms="70125">
    <groups>
    </groups>
    <test started-at="2023-06-13T20:33:11 CST" name="Test On Chrome" finished-at="2023-06-13T20:34:21 CST" duration-ms="70125">
      <class name="RegisterTest">
        <test-method is-config="true" signature="beforeTest(org.testng.ITestContext, java.lang.String)[pri:0, instance:RegisterTest@16ec5519]" started-at="2023-06-13T20:33:11 CST" name="beforeTest" finished-at="2023-06-13T20:33:14 CST" duration-ms="2676" status="PASS">
          <params>
            <param index="0">
              <value>
                <![CDATA[org.testng.TestRunner@4eeab3e]]>
              </value>
            </param>
            <param index="1">
              <value>
                <![CDATA[Chrome]]>
              </value>
            </param>
          </params>
          <reporter-output>
          </reporter-output>
        </test-method> <!-- beforeTest -->
        <test-method signature="RegisterSuccess()[pri:0, instance:RegisterTest@16ec5519]" started-at="2023-06-13T20:33:14 CST" name="RegisterSuccess" finished-at="2023-06-13T20:33:20 CST" duration-ms="5990" status="PASS">
          <reporter-output>
          </reporter-output>
        </test-method> <!-- RegisterSuccess -->
        <test-method signature="ExistingUser()[pri:2, instance:RegisterTest@16ec5519]" started-at="2023-06-13T20:33:20 CST" name="ExistingUser" finished-at="2023-06-13T20:33:26 CST" duration-ms="5883" status="PASS">
          <reporter-output>
          </reporter-output>
        </test-method> <!-- ExistingUser -->
        <test-method signature="FillOutUserAndPassword()[pri:3, instance:RegisterTest@16ec5519]" started-at="2023-06-13T20:33:26 CST" name="FillOutUserAndPassword" finished-at="2023-06-13T20:33:31 CST" duration-ms="5873" status="PASS">
          <reporter-output>
          </reporter-output>
        </test-method> <!-- FillOutUserAndPassword -->
        <test-method is-config="true" signature="afterTest(org.testng.ITestContext)[pri:0, instance:RegisterTest@16ec5519]" started-at="2023-06-13T20:33:31 CST" name="afterTest" finished-at="2023-06-13T20:33:32 CST" duration-ms="709" status="PASS">
          <params>
            <param index="0">
              <value>
                <![CDATA[org.testng.TestRunner@4eeab3e]]>
              </value>
            </param>
          </params>
          <reporter-output>
          </reporter-output>
        </test-method> <!-- afterTest -->
      </class> <!-- RegisterTest -->
      <class name="LoginTest">
        <test-method is-config="true" signature="beforeTest(org.testng.ITestContext, java.lang.String)[pri:0, instance:LoginTest@2f7298b]" started-at="2023-06-13T20:33:32 CST" name="beforeTest" finished-at="2023-06-13T20:33:34 CST" duration-ms="2285" status="PASS">
          <params>
            <param index="0">
              <value>
                <![CDATA[org.testng.TestRunner@4eeab3e]]>
              </value>
            </param>
            <param index="1">
              <value>
                <![CDATA[Chrome]]>
              </value>
            </param>
          </params>
          <reporter-output>
          </reporter-output>
        </test-method> <!-- beforeTest -->
        <test-method signature="LoginSuccess()[pri:0, instance:LoginTest@2f7298b]" started-at="2023-06-13T20:33:34 CST" name="LoginSuccess" finished-at="2023-06-13T20:33:37 CST" duration-ms="2104" status="PASS">
          <reporter-output>
          </reporter-output>
        </test-method> <!-- LoginSuccess -->
        <test-method signature="LoginFailure()[pri:2, instance:LoginTest@2f7298b]" started-at="2023-06-13T20:33:37 CST" name="LoginFailure" finished-at="2023-06-13T20:33:39 CST" duration-ms="2779" status="PASS">
          <reporter-output>
          </reporter-output>
        </test-method> <!-- LoginFailure -->
        <test-method is-config="true" signature="afterTest(org.testng.ITestContext)[pri:0, instance:LoginTest@2f7298b]" started-at="2023-06-13T20:33:39 CST" name="afterTest" finished-at="2023-06-13T20:33:40 CST" duration-ms="246" status="PASS">
          <params>
            <param index="0">
              <value>
                <![CDATA[org.testng.TestRunner@4eeab3e]]>
              </value>
            </param>
          </params>
          <reporter-output>
          </reporter-output>
        </test-method> <!-- afterTest -->
      </class> <!-- LoginTest -->
      <class name="CartTest">
        <test-method is-config="true" signature="beforeTest(org.testng.ITestContext, java.lang.String)[pri:0, instance:CartTest@188715b5]" started-at="2023-06-13T20:33:40 CST" name="beforeTest" finished-at="2023-06-13T20:33:41 CST" duration-ms="1838" status="PASS">
          <params>
            <param index="0">
              <value>
                <![CDATA[org.testng.TestRunner@4eeab3e]]>
              </value>
            </param>
            <param index="1">
              <value>
                <![CDATA[Chrome]]>
              </value>
            </param>
          </params>
          <reporter-output>
          </reporter-output>
        </test-method> <!-- beforeTest -->
        <test-method signature="FillCartAndDeleteProductTest()[pri:0, instance:CartTest@188715b5]" started-at="2023-06-13T20:33:41 CST" name="FillCartAndDeleteProductTest" finished-at="2023-06-13T20:33:55 CST" duration-ms="13402" status="PASS">
          <reporter-output>
          </reporter-output>
        </test-method> <!-- FillCartAndDeleteProductTest -->
        <test-method signature="FillCartWithProductOfOtherCategory()[pri:2, instance:CartTest@188715b5]" started-at="2023-06-13T20:33:55 CST" name="FillCartWithProductOfOtherCategory" finished-at="2023-06-13T20:34:10 CST" duration-ms="15583" status="PASS">
          <reporter-output>
          </reporter-output>
        </test-method> <!-- FillCartWithProductOfOtherCategory -->
        <test-method signature="FillCartAndBuy()[pri:3, instance:CartTest@188715b5]" started-at="2023-06-13T20:34:10 CST" name="FillCartAndBuy" finished-at="2023-06-13T20:34:21 CST" duration-ms="10546" status="PASS">
          <reporter-output>
          </reporter-output>
        </test-method> <!-- FillCartAndBuy -->
        <test-method is-config="true" signature="afterTest(org.testng.ITestContext)[pri:0, instance:CartTest@188715b5]" started-at="2023-06-13T20:34:21 CST" name="afterTest" finished-at="2023-06-13T20:34:21 CST" duration-ms="179" status="PASS">
          <params>
            <param index="0">
              <value>
                <![CDATA[org.testng.TestRunner@4eeab3e]]>
              </value>
            </param>
          </params>
          <reporter-output>
          </reporter-output>
        </test-method> <!-- afterTest -->
      </class> <!-- CartTest -->
    </test> <!-- Test On Chrome -->
  </suite> <!-- Suite -->
</testng-results>
