<?xml version="1.0" encoding="UTF-8"?>
<testng-results ignored="0" total="2" passed="2" failed="0" skipped="0">
  <reporter-output>
  </reporter-output>
  <suite started-at="2023-06-13T22:06:07 CST" name="Suite" finished-at="2023-06-13T22:06:15 CST" duration-ms="7801">
    <groups>
    </groups>
    <test started-at="2023-06-13T22:06:07 CST" name="Test On Chrome" finished-at="2023-06-13T22:06:15 CST" duration-ms="7801">
      <class name="LoginTest">
        <test-method is-config="true" signature="beforeTest(org.testng.ITestContext, java.lang.String)[pri:0, instance:LoginTest@708f5957]" started-at="2023-06-13T22:06:07 CST" name="beforeTest" finished-at="2023-06-13T22:06:10 CST" duration-ms="2532" status="PASS">
          <params>
            <param index="0">
              <value>
                <![CDATA[org.testng.TestRunner@455c1d8c]]>
              </value>
            </param>
            <param index="1">
              <value>
                <![CDATA[Chrome]]>
              </value>
            </param>
          </params>
          <reporter-output>
          </reporter-output>
        </test-method> <!-- beforeTest -->
        <test-method signature="LoginSuccess()[pri:0, instance:LoginTest@708f5957]" started-at="2023-06-13T22:06:10 CST" name="LoginSuccess" finished-at="2023-06-13T22:06:12 CST" duration-ms="2174" status="PASS">
          <reporter-output>
          </reporter-output>
        </test-method> <!-- LoginSuccess -->
        <test-method signature="LoginFailure()[pri:2, instance:LoginTest@708f5957]" started-at="2023-06-13T22:06:12 CST" name="LoginFailure" finished-at="2023-06-13T22:06:15 CST" duration-ms="2773" status="PASS">
          <reporter-output>
          </reporter-output>
        </test-method> <!-- LoginFailure -->
        <test-method is-config="true" signature="afterTest(org.testng.ITestContext)[pri:0, instance:LoginTest@708f5957]" started-at="2023-06-13T22:06:15 CST" name="afterTest" finished-at="2023-06-13T22:06:15 CST" duration-ms="300" status="PASS">
          <params>
            <param index="0">
              <value>
                <![CDATA[org.testng.TestRunner@455c1d8c]]>
              </value>
            </param>
          </params>
          <reporter-output>
          </reporter-output>
        </test-method> <!-- afterTest -->
      </class> <!-- LoginTest -->
    </test> <!-- Test On Chrome -->
  </suite> <!-- Suite -->
</testng-results>
