<?xml version="1.0" encoding="UTF-8"?>
<!-- Generated by org.testng.reporters.JUnitXMLReporter -->
<testsuite ignored="0" hostname="MiguelMiranda" failures="0" tests="8" name="Test On Chrome" time="70.125" errors="0" timestamp="2023-06-13T20:34:21 CST">
  <testcase classname="RegisterTest" name="RegisterSuccess" time="5.99"/>
  <testcase classname="RegisterTest" name="ExistingUser" time="5.883"/>
  <testcase classname="RegisterTest" name="FillOutUserAndPassword" time="5.873"/>
  <testcase classname="LoginTest" name="LoginSuccess" time="2.104"/>
  <testcase classname="LoginTest" name="LoginFailure" time="2.779"/>
  <testcase classname="CartTest" name="FillCartAndDeleteProductTest" time="13.402"/>
  <testcase classname="CartTest" name="FillCartWithProductOfOtherCategory" time="15.583"/>
  <testcase classname="CartTest" name="FillCartAndBuy" time="10.546"/>
</testsuite> <!-- Test On Chrome -->
